[debug] ----------------------------------------------------------------------
[debug] Command:      C:\Program Files\nodejs\node.exe C:\Users\Lazar Lyutakov\AppData\Roaming\npm\node_modules\firebase-tools\bin\firebase serve
[debug] CLI Version:  3.7.0
[debug] Platform:     win32
[debug] Node Version: v7.10.0
[debug] Time:         Fri May 05 2017 20:49:29 GMT+0300 (FLE Daylight Time)
[debug] ----------------------------------------------------------------------
[debug] 
[debug] > command requires scopes: ["email","openid","https://www.googleapis.com/auth/cloudplatformprojects.readonly","https://www.googleapis.com/auth/firebase","https://www.googleapis.com/auth/cloud-platform"]
[debug] >>> HTTP REQUEST GET https://admin.firebase.com/v1/projects/library-94284  
 Fri May 05 2017 20:49:29 GMT+0300 (FLE Daylight Time)
[debug] <<< HTTP RESPONSE 200
[debug] >>> HTTP REQUEST GET https://admin.firebase.com/v1/database/library-94284/tokens  
 Fri May 05 2017 20:49:30 GMT+0300 (FLE Daylight Time)
[debug] <<< HTTP RESPONSE 200
[info] Starting Firebase development server...
[info] 
[info] Project Directory: H:\Lazar\TeamProject\Library
[debug] >>> HTTP REQUEST GET https://cloudresourcemanager.googleapis.com/v1/projects/library-94284  
 Fri May 05 2017 20:49:30 GMT+0300 (FLE Daylight Time)
[debug] <<< HTTP RESPONSE 200
[debug] >>> HTTP REQUEST GET https://mobilesdk-pa.googleapis.com/v1/projects/8412375293/clients/_:getWebAppConfig  
 Fri May 05 2017 20:49:31 GMT+0300 (FLE Daylight Time)
[debug] <<< HTTP RESPONSE 200
[info] Public Directory: public
[info] 
[info] Server listening at: http://localhost:5000
[debug] ----------------------------------------------------------------------
[debug] Command:      C:\Program Files\nodejs\node.exe C:\Users\Lazar Lyutakov\AppData\Roaming\npm\node_modules\firebase-tools\bin\firebase serve
[debug] CLI Version:  3.7.0
[debug] Platform:     win32
[debug] Node Version: v7.10.0
[debug] Time:         Fri May 05 2017 20:58:05 GMT+0300 (FLE Daylight Time)
[debug] ----------------------------------------------------------------------
[debug] 
[debug] > command requires scopes: ["email","openid","https://www.googleapis.com/auth/cloudplatformprojects.readonly","https://www.googleapis.com/auth/firebase","https://www.googleapis.com/auth/cloud-platform"]
[debug] >>> HTTP REQUEST GET https://admin.firebase.com/v1/projects/library-94284  
 Fri May 05 2017 20:58:05 GMT+0300 (FLE Daylight Time)
[debug] <<< HTTP RESPONSE 200
[debug] >>> HTTP REQUEST GET https://admin.firebase.com/v1/database/library-94284/tokens  
 Fri May 05 2017 20:58:06 GMT+0300 (FLE Daylight Time)
[debug] <<< HTTP RESPONSE 200
[info] Starting Firebase development server...
[info] 
[info] Project Directory: H:\Lazar\TeamProject\Library
[debug] >>> HTTP REQUEST GET https://cloudresourcemanager.googleapis.com/v1/projects/library-94284  
 Fri May 05 2017 20:58:06 GMT+0300 (FLE Daylight Time)
[debug] <<< HTTP RESPONSE 200
[debug] >>> HTTP REQUEST GET https://mobilesdk-pa.googleapis.com/v1/projects/8412375293/clients/_:getWebAppConfig  
 Fri May 05 2017 20:58:07 GMT+0300 (FLE Daylight Time)
[debug] <<< HTTP RESPONSE 200
[info] Public Directory: public
[info] 
[info] Server listening at: http://localhost:5000
[debug] ----------------------------------------------------------------------
[debug] Command:      C:\Program Files\nodejs\node.exe C:\Users\Lazar Lyutakov\AppData\Roaming\npm\node_modules\firebase-tools\bin\firebase serve
[debug] CLI Version:  3.7.0
[debug] Platform:     win32
[debug] Node Version: v7.10.0
[debug] Time:         Fri May 05 2017 20:58:21 GMT+0300 (FLE Daylight Time)
[debug] ----------------------------------------------------------------------
[debug] 
[debug] > command requires scopes: ["email","openid","https://www.googleapis.com/auth/cloudplatformprojects.readonly","https://www.googleapis.com/auth/firebase","https://www.googleapis.com/auth/cloud-platform"]
[debug] >>> HTTP REQUEST GET https://admin.firebase.com/v1/projects/library-94284  
 Fri May 05 2017 20:58:21 GMT+0300 (FLE Daylight Time)
[debug] <<< HTTP RESPONSE 200
[debug] >>> HTTP REQUEST GET https://admin.firebase.com/v1/database/library-94284/tokens  
 Fri May 05 2017 20:58:22 GMT+0300 (FLE Daylight Time)
[debug] <<< HTTP RESPONSE 200
[info] Starting Firebase development server...
[info] 
[info] Project Directory: H:\Lazar\TeamProject\Library
[debug] >>> HTTP REQUEST GET https://cloudresourcemanager.googleapis.com/v1/projects/library-94284  
 Fri May 05 2017 20:58:23 GMT+0300 (FLE Daylight Time)
[debug] <<< HTTP RESPONSE 200
[debug] >>> HTTP REQUEST GET https://mobilesdk-pa.googleapis.com/v1/projects/8412375293/clients/_:getWebAppConfig  
 Fri May 05 2017 20:58:24 GMT+0300 (FLE Daylight Time)
[debug] <<< HTTP RESPONSE 200
[info] Public Directory: public
[info] 
[info] Server listening at: http://localhost:5000
